
> hospital mangement@0.1.0 build
> vite build

vite v6.3.5 building for production...
transforming...
[plugin vite:esbuild] src/services/LanguageServiceExtended.tsx: Duplicate key "patients.addPatient" in object literal
592|      'patients.title': 'Patient Management',
593|      'patients.totalPatients': '{count} Total Patients',
594|      'patients.addPatient': 'Add Patient',
   |      ^
595|      'patients.searchPlaceholder': 'Search by name, MRN, phone, or email...',
596|      'patients.noResults': 'No patients found',

[plugin vite:esbuild] src/services/LanguageServiceExtended.tsx: Duplicate key "common.allStatuses" in object literal
847|      'billing.addItem': 'Add Item',
848|      'billing.serviceDescription': 'Service description',
849|      'common.allStatuses': 'All Statuses',
   |      ^
850|      'common.search': 'Search',
851|      'common.filter': 'Filter',

[plugin vite:esbuild] src/services/LanguageServiceExtended.tsx: Duplicate key "common.filter" in object literal
849|      'common.allStatuses': 'All Statuses',
850|      'common.search': 'Search',
851|      'common.filter': 'Filter',
   |      ^
852|      'common.export': 'Export',
853|      'common.status': 'Status',

[plugin vite:esbuild] src/services/LanguageServiceExtended.tsx: Duplicate key "common.export" in object literal
850|      'common.search': 'Search',
851|      'common.filter': 'Filter',
852|      'common.export': 'Export',
   |      ^
853|      'common.status': 'Status',
854|      'common.actions': 'Actions',

[plugin vite:esbuild] src/services/LanguageServiceExtended.tsx: Duplicate key "common.status" in object literal
851|      'common.filter': 'Filter',
852|      'common.export': 'Export',
853|      'common.status': 'Status',
   |      ^
854|      'common.actions': 'Actions',
855|  

[plugin vite:esbuild] src/services/LanguageServiceExtended.tsx: Duplicate key "pharmacy.addMedication" in object literal
858|      'pharmacy.overview': 'Manage medications, inventory, and prescriptions',
859|      'pharmacy.reports': 'Reports',
860|      'pharmacy.addMedication': 'Add Medication',
   |      ^
861|      'pharmacy.addMedicationDescription': 'Add new medication to inventory',
862|      'pharmacy.totalItems': 'Total Items',

[plugin vite:esbuild] src/services/LanguageServiceExtended.tsx: Duplicate key "pharmacy.lowStock" in object literal
861|      'pharmacy.addMedicationDescription': 'Add new medication to inventory',
862|      'pharmacy.totalItems': 'Total Items',
863|      'pharmacy.lowStock': 'Low Stock',
   |      ^
864|      'pharmacy.nearExpiry': 'Near Expiry',
865|      'pharmacy.pendingPrescriptions': 'Pending Prescriptions',

[plugin vite:esbuild] src/services/LanguageServiceExtended.tsx: Duplicate key "pharmacy.expired" in object literal
870|      'pharmacy.inStock': 'In Stock',
871|      'pharmacy.outOfStock': 'Out of Stock',
872|      'pharmacy.expired': 'Expired',
   |      ^
873|      'pharmacy.noMedications': 'No medications found',
874|      'pharmacy.noMedicationsDescription': 'No medications match your search criteria',

[plugin vite:esbuild] src/services/LanguageServiceExtended.tsx: Duplicate key "lab.critical" in object literal
908|      'lab.stat': 'STAT',
909|      'lab.urgent': 'Urgent',
910|      'lab.critical': 'Critical',
   |      ^
911|      'lab.orders': 'Orders',
912|      'lab.tests': 'Tests',

[plugin vite:esbuild] src/services/LanguageServiceExtended.tsx: Duplicate key "patients.addPatient" in object literal
1228|      'patients.title': 'إدارة المرضى',
1229|      'patients.totalPatients': '{count} إجمالي المرضى',
1230|      'patients.addPatient': 'إضافة مريض',
   |      ^
1231|      'patients.searchPlaceholder': 'البحث بالاسم، رقم الملف، الهاتف، أو البريد الإلكتروني...',
1232|      'patients.noResults': 'لم يتم العثور على مرضى',

[plugin vite:esbuild] src/services/LanguageServiceExtended.tsx: Duplicate key "common.allStatuses" in object literal
1483|      'billing.addItem': 'إضافة بند',
1484|      'billing.serviceDescription': 'وصف الخدمة',
1485|      'common.allStatuses': 'جميع الحالات',
   |      ^
1486|      'common.search': 'بحث',
1487|      'common.filter': 'تصفية',

[plugin vite:esbuild] src/services/LanguageServiceExtended.tsx: Duplicate key "common.filter" in object literal
1485|      'common.allStatuses': 'جميع الحالات',
1486|      'common.search': 'بحث',
1487|      'common.filter': 'تصفية',
   |      ^
1488|      'common.export': 'تصدير',
1489|      'common.status': 'الحالة',

[plugin vite:esbuild] src/services/LanguageServiceExtended.tsx: Duplicate key "common.export" in object literal
1486|      'common.search': 'بحث',
1487|      'common.filter': 'تصفية',
1488|      'common.export': 'تصدير',
   |      ^
1489|      'common.status': 'الحالة',
1490|      'common.actions': 'الإجراءات',

[plugin vite:esbuild] src/services/LanguageServiceExtended.tsx: Duplicate key "common.status" in object literal
1487|      'common.filter': 'تصفية',
1488|      'common.export': 'تصدير',
1489|      'common.status': 'الحالة',
   |      ^
1490|      'common.actions': 'الإجراءات',
1491|  

[plugin vite:esbuild] src/services/LanguageServiceExtended.tsx: Duplicate key "pharmacy.addMedication" in object literal
1494|      'pharmacy.overview': 'إدارة الأدوية والمخزون والوصفات الطبية',
1495|      'pharmacy.reports': 'التقارير',
1496|      'pharmacy.addMedication': 'إضافة دواء',
   |      ^
1497|      'pharmacy.addMedicationDescription': 'إضافة دواء جديد إلى المخزون',
1498|      'pharmacy.totalItems': 'إجمالي الأصناف',

[plugin vite:esbuild] src/services/LanguageServiceExtended.tsx: Duplicate key "pharmacy.lowStock" in object literal
1497|      'pharmacy.addMedicationDescription': 'إضافة دواء جديد إلى المخزون',
1498|      'pharmacy.totalItems': 'إجمالي الأصناف',
1499|      'pharmacy.lowStock': 'مخزون منخفض',
   |      ^
1500|      'pharmacy.nearExpiry': 'قريب من انتهاء الصلاحية',
1501|      'pharmacy.pendingPrescriptions': 'الوصفات المعلقة',

[plugin vite:esbuild] src/services/LanguageServiceExtended.tsx: Duplicate key "pharmacy.expired" in object literal
1506|      'pharmacy.inStock': 'متوفر',
1507|      'pharmacy.outOfStock': 'غير متوفر',
1508|      'pharmacy.expired': 'منتهي الصلاحية',
   |      ^
1509|      'pharmacy.noMedications': 'لم يتم العثور على أدوية',
1510|      'pharmacy.noMedicationsDescription': 'لا توجد أدوية تطابق معايير البحث',

[plugin vite:esbuild] src/services/LanguageServiceExtended.tsx: Duplicate key "lab.critical" in object literal
1544|      'lab.stat': 'طارئ',
1545|      'lab.urgent': 'عاجل',
1546|      'lab.critical': 'حرج',
   |      ^
1547|      'lab.orders': 'الطلبات',
1548|      'lab.tests': 'الفحوصات',

[plugin vite:esbuild] src/components/dashboards/BillingDashboard.tsx: Duplicate key "insurance" in object literal
68 |      cash: 'Cash',
69 |      card: 'Card',
70 |      insurance: 'Insurance',
   |      ^
71 |      viewDetails: 'View Details',
72 |      markAsPaid: 'Mark as Paid',

[plugin vite:esbuild] src/components/dashboards/BillingDashboard.tsx: Duplicate key "insurance" in object literal
104|      cash: 'نقدي',
105|      card: 'بطاقة',
106|      insurance: 'تأمين',
   |      ^
107|      viewDetails: 'عرض التفاصيل',
108|      markAsPaid: 'تمييز كمدفوع',

[plugin vite:esbuild] src/components/inventory/translations.ts: Duplicate key "inventory.lowStockAlert" in object literal
238|      
239|      // Alerts and Messages
240|      'inventory.lowStockAlert': 'Low Stock Alert',
   |      ^
241|      'inventory.itemsNeedRestock': 'items need restocking',
242|      'inventory.expiryAlert': 'Expiry Alert',

[plugin vite:esbuild] src/components/inventory/translations.ts: Duplicate key "inventory.expiryAlert" in object literal
240|      'inventory.lowStockAlert': 'Low Stock Alert',
241|      'inventory.itemsNeedRestock': 'items need restocking',
242|      'inventory.expiryAlert': 'Expiry Alert',
   |      ^
243|      'inventory.itemsExpiringSoon': 'items expiring soon',
244|      'inventory.outOfStockAlert': 'Out of Stock Alert',

[plugin vite:esbuild] src/components/inventory/translations.ts: Duplicate key "inventory.lowStockAlert" in object literal
527|      
528|      // التنبيهات والرسائل
529|      'inventory.lowStockAlert': 'تنبيه المخزون المنخفض',
   |      ^
530|      'inventory.itemsNeedRestock': 'صنف يحتاج إعادة تخزين',
531|      'inventory.expiryAlert': 'تنبيه انتهاء الصلاحية',

[plugin vite:esbuild] src/components/inventory/translations.ts: Duplicate key "inventory.expiryAlert" in object literal
529|      'inventory.lowStockAlert': 'تنبيه المخزون المنخفض',
530|      'inventory.itemsNeedRestock': 'صنف يحتاج إعادة تخزين',
531|      'inventory.expiryAlert': 'تنبيه انتهاء الصلاحية',
   |      ^
532|      'inventory.itemsExpiringSoon': 'صنف سينتهي قريباً',
533|      'inventory.outOfStockAlert': 'تنبيه نفاد المخزون',

[plugin vite:esbuild] src/components/communication/translations.ts: Duplicate key "stopRecording" in object literal
424|      en: 'Record'
425|    },
426|    stopRecording: {
   |    ^
427|      ar: 'إيقاف التسجيل',
428|      en: 'Stop Recording'

[plugin vite:esbuild] src/components/communication/translations.ts: Duplicate key "connecting" in object literal
614|      en: 'Sending...'
615|    },
616|    connecting: {
   |    ^
617|      ar: 'جاري الاتصال...',
618|      en: 'Connecting...'

✓ 3808 modules transformed.
rendering chunks...
[plugin vite:reporter] 
(!) /Users/macbook/Downloads/Hospitalmangement-main/src/config/firebase.ts is dynamically imported by /Users/macbook/Downloads/Hospitalmangement-main/src/components/AppRouter.tsx but also statically imported by /Users/macbook/Downloads/Hospitalmangement-main/src/config/initializeFirestore.ts, /Users/macbook/Downloads/Hospitalmangement-main/src/hooks/useFirebaseAuth.tsx, /Users/macbook/Downloads/Hospitalmangement-main/src/services/FirebaseApiService.tsx, /Users/macbook/Downloads/Hospitalmangement-main/src/services/FirebaseService.tsx, dynamic import will not move module into another chunk.

computing gzip size...
build/index.html                                  0.43 kB │ gzip:   0.28 kB
build/assets/index-B8DlfVKL.css                 200.58 kB │ gzip:  27.08 kB
build/assets/initializeFirestore-aDJ9DUBD.js      3.92 kB │ gzip:   1.49 kB
build/assets/index-5nqIUQsS.js                3,793.58 kB │ gzip: 866.16 kB

(!) Some chunks are larger than 500 kB after minification. Consider:
- Using dynamic import() to code-split the application
- Use build.rollupOptions.output.manualChunks to improve chunking: https://rollupjs.org/configuration-options/#output-manualchunks
- Adjust chunk size limit for this warning via build.chunkSizeWarningLimit.
✓ built in 18.16s
